<?xml version="1.0" encoding="UTF-8"?>
<testng-results skipped="6" failed="0" total="6" passed="0">
  <reporter-output>
  </reporter-output>
  <suite name="Form Validations" duration-ms="112" started-at="2017-05-16T11:56:29Z" finished-at="2017-05-16T11:56:29Z">
    <groups>
      <group name="Regression">
        <method signature="WashURL.testWashURLEditCount(java.lang.String)[pri:0, instance:testcases.WashURL@ae45eb6]" name="testWashURLEditCount" class="testcases.WashURL"/>
        <method signature="VerifyBrokenLinks.verifyBrokenLinks(java.lang.String)[pri:0, instance:testcases.VerifyBrokenLinks@53b32d7]" name="verifyBrokenLinks" class="testcases.VerifyBrokenLinks"/>
      </group> <!-- Regression -->
    </groups>
    <test name="Main Wiki Wash Test" duration-ms="56" started-at="2017-05-16T11:56:29Z" finished-at="2017-05-16T11:56:29Z">
      <class name="testcases.WashURL">
        <test-method status="SKIP" signature="checkRunMode()[pri:0, instance:testcases.WashURL@ae45eb6]" name="checkRunMode" is-config="true" duration-ms="0" started-at="2017-05-16T07:56:29Z" finished-at="2017-05-16T07:56:29Z">
          <reporter-output>
          </reporter-output>
        </test-method> <!-- checkRunMode -->
        <test-method status="SKIP" signature="testWashURLEditCount(java.lang.String)[pri:0, instance:testcases.WashURL@ae45eb6]" name="testWashURLEditCount" duration-ms="1" started-at="2017-05-16T07:56:29Z" data-provider="getData" finished-at="2017-05-16T07:56:29Z">
          <params>
            <param index="0">
              <value>
                <![CDATA[https://en.wikipedia.org/wiki/Canada]]>
              </value>
            </param>
          </params>
          <reporter-output>
          </reporter-output>
        </test-method> <!-- testWashURLEditCount -->
        <test-method status="SKIP" signature="testWashURLEditCount(java.lang.String)[pri:0, instance:testcases.WashURL@ae45eb6]" name="testWashURLEditCount" duration-ms="0" started-at="2017-05-16T07:56:29Z" data-provider="getData" finished-at="2017-05-16T07:56:29Z">
          <params>
            <param index="0">
              <value>
                <![CDATA[https://en.wikipedia.org/wiki/Test_automation]]>
              </value>
            </param>
          </params>
          <reporter-output>
          </reporter-output>
        </test-method> <!-- testWashURLEditCount -->
        <test-method status="SKIP" signature="testWashURLEditCount(java.lang.String)[pri:0, instance:testcases.WashURL@ae45eb6]" name="testWashURLEditCount" duration-ms="0" started-at="2017-05-16T07:56:29Z" data-provider="getData" finished-at="2017-05-16T07:56:29Z">
          <params>
            <param index="0">
              <value>
                <![CDATA[https://en.wikipedia.org/wiki/Economy_of_Canada]]>
              </value>
            </param>
          </params>
          <reporter-output>
          </reporter-output>
        </test-method> <!-- testWashURLEditCount -->
      </class> <!-- testcases.WashURL -->
    </test> <!-- Main Wiki Wash Test -->
    <test name="Broken Links Verification" duration-ms="12" started-at="2017-05-16T11:56:29Z" finished-at="2017-05-16T11:56:29Z">
      <class name="testcases.VerifyBrokenLinks">
        <test-method status="FAIL" signature="init()[pri:0, instance:testcases.VerifyBrokenLinks@53b32d7]" name="init" is-config="true" duration-ms="0" started-at="2017-05-16T07:56:16Z" finished-at="2017-05-16T07:56:16Z">
          <exception class="org.openqa.selenium.InvalidArgumentException">
            <message>
              <![CDATA[Missing 'type' parameter
Build info: version: 'unknown', revision: 'unknown', time: 'unknown'
System info: host: 'DESKTOP-J3B0T30', ip: '192.168.56.1', os.name: 'Windows 10', os.arch: 'amd64', os.version: '10.0', java.version: '1.8.0_91'
Driver info: org.openqa.selenium.firefox.FirefoxDriver
Capabilities [{moz:profile=C:\Users\GSDEVG~1.DES\AppData\Local\Temp\rust_mozprofile.phX60WBjQoFH, rotatable=false, timeouts={implicit=0.0, pageLoad=300000.0, script=30000.0}, pageLoadStrategy=normal, platform=ANY, specificationLevel=0.0, moz:accessibilityChecks=false, acceptInsecureCerts=false, browserVersion=53.0, platformVersion=10.0, moz:processID=13844.0, browserName=firefox, javascriptEnabled=true, platformName=windows_nt}]
Session ID: ccc7fbb8-bdf1-4e63-83c0-28e1ccbc14e0]]>
            </message>
            <full-stacktrace>
              <![CDATA[org.openqa.selenium.InvalidArgumentException: Missing 'type' parameter
Build info: version: 'unknown', revision: 'unknown', time: 'unknown'
System info: host: 'DESKTOP-J3B0T30', ip: '192.168.56.1', os.name: 'Windows 10', os.arch: 'amd64', os.version: '10.0', java.version: '1.8.0_91'
Driver info: org.openqa.selenium.firefox.FirefoxDriver
Capabilities [{moz:profile=C:\Users\GSDEVG~1.DES\AppData\Local\Temp\rust_mozprofile.phX60WBjQoFH, rotatable=false, timeouts={implicit=0.0, pageLoad=300000.0, script=30000.0}, pageLoadStrategy=normal, platform=ANY, specificationLevel=0.0, moz:accessibilityChecks=false, acceptInsecureCerts=false, browserVersion=53.0, platformVersion=10.0, moz:processID=13844.0, browserName=firefox, javascriptEnabled=true, platformName=windows_nt}]
Session ID: ccc7fbb8-bdf1-4e63-83c0-28e1ccbc14e0
	at sun.reflect.NativeConstructorAccessorImpl.newInstance0(Native Method)
	at sun.reflect.NativeConstructorAccessorImpl.newInstance(NativeConstructorAccessorImpl.java:62)
	at sun.reflect.DelegatingConstructorAccessorImpl.newInstance(DelegatingConstructorAccessorImpl.java:45)
	at java.lang.reflect.Constructor.newInstance(Constructor.java:423)
	at org.openqa.selenium.remote.http.W3CHttpResponseCodec.createException(W3CHttpResponseCodec.java:150)
	at org.openqa.selenium.remote.http.W3CHttpResponseCodec.decode(W3CHttpResponseCodec.java:115)
	at org.openqa.selenium.remote.http.W3CHttpResponseCodec.decode(W3CHttpResponseCodec.java:45)
	at org.openqa.selenium.remote.HttpCommandExecutor.execute(HttpCommandExecutor.java:164)
	at org.openqa.selenium.remote.service.DriverCommandExecutor.execute(DriverCommandExecutor.java:82)
	at org.openqa.selenium.remote.RemoteWebDriver.execute(RemoteWebDriver.java:637)
	at org.openqa.selenium.remote.RemoteWebDriver$RemoteWebDriverOptions$RemoteTimeouts.implicitlyWait(RemoteWebDriver.java:868)
	at core.TestCore.init(TestCore.java:41)
	at sun.reflect.NativeMethodAccessorImpl.invoke0(Native Method)
	at sun.reflect.NativeMethodAccessorImpl.invoke(NativeMethodAccessorImpl.java:62)
	at sun.reflect.DelegatingMethodAccessorImpl.invoke(DelegatingMethodAccessorImpl.java:43)
	at java.lang.reflect.Method.invoke(Method.java:498)
	at org.testng.internal.MethodInvocationHelper.invokeMethod(MethodInvocationHelper.java:100)
	at org.testng.internal.Invoker.invokeConfigurationMethod(Invoker.java:515)
	at org.testng.internal.Invoker.invokeConfigurations(Invoker.java:216)
	at org.testng.internal.Invoker.invokeConfigurations(Invoker.java:143)
	at org.testng.SuiteRunner.privateRun(SuiteRunner.java:307)
	at org.testng.SuiteRunner.run(SuiteRunner.java:270)
	at org.testng.SuiteRunnerWorker.runSuite(SuiteRunnerWorker.java:52)
	at org.testng.SuiteRunnerWorker.run(SuiteRunnerWorker.java:86)
	at org.testng.TestNG.runSuitesSequentially(TestNG.java:1284)
	at org.testng.TestNG.runSuitesLocally(TestNG.java:1209)
	at org.testng.TestNG.runSuites(TestNG.java:1124)
	at org.testng.TestNG.run(TestNG.java:1096)
	at org.testng.remote.AbstractRemoteTestNG.run(AbstractRemoteTestNG.java:132)
	at org.testng.remote.RemoteTestNG.initAndRun(RemoteTestNG.java:236)
	at org.testng.remote.RemoteTestNG.main(RemoteTestNG.java:81)
]]>
            </full-stacktrace>
          </exception> <!-- org.openqa.selenium.InvalidArgumentException -->
          <reporter-output>
          </reporter-output>
        </test-method> <!-- init -->
        <test-method status="SKIP" signature="checkRunMode()[pri:0, instance:testcases.VerifyBrokenLinks@53b32d7]" name="checkRunMode" is-config="true" duration-ms="0" started-at="2017-05-16T07:56:29Z" finished-at="2017-05-16T07:56:29Z">
          <reporter-output>
          </reporter-output>
        </test-method> <!-- checkRunMode -->
        <test-method status="SKIP" signature="verifyBrokenLinks(java.lang.String)[pri:0, instance:testcases.VerifyBrokenLinks@53b32d7]" name="verifyBrokenLinks" duration-ms="0" started-at="2017-05-16T07:56:29Z" data-provider="getData" finished-at="2017-05-16T07:56:29Z">
          <params>
            <param index="0">
              <value>
                <![CDATA[https://en.wikipedia.org/wiki/Canada]]>
              </value>
            </param>
          </params>
          <reporter-output>
          </reporter-output>
        </test-method> <!-- verifyBrokenLinks -->
        <test-method status="SKIP" signature="verifyBrokenLinks(java.lang.String)[pri:0, instance:testcases.VerifyBrokenLinks@53b32d7]" name="verifyBrokenLinks" duration-ms="0" started-at="2017-05-16T07:56:29Z" data-provider="getData" finished-at="2017-05-16T07:56:29Z">
          <params>
            <param index="0">
              <value>
                <![CDATA[https://en.wikipedia.org/wiki/Test_automation]]>
              </value>
            </param>
          </params>
          <reporter-output>
          </reporter-output>
        </test-method> <!-- verifyBrokenLinks -->
        <test-method status="SKIP" signature="verifyBrokenLinks(java.lang.String)[pri:0, instance:testcases.VerifyBrokenLinks@53b32d7]" name="verifyBrokenLinks" duration-ms="0" started-at="2017-05-16T07:56:29Z" data-provider="getData" finished-at="2017-05-16T07:56:29Z">
          <params>
            <param index="0">
              <value>
                <![CDATA[https://en.wikipedia.org/wiki/Economy_of_Canada]]>
              </value>
            </param>
          </params>
          <reporter-output>
          </reporter-output>
        </test-method> <!-- verifyBrokenLinks -->
        <test-method status="SKIP" signature="testQuitDriver()[pri:0, instance:testcases.VerifyBrokenLinks@53b32d7]" name="testQuitDriver" is-config="true" duration-ms="0" started-at="2017-05-16T07:56:29Z" finished-at="2017-05-16T07:56:29Z">
          <reporter-output>
          </reporter-output>
        </test-method> <!-- testQuitDriver -->
      </class> <!-- testcases.VerifyBrokenLinks -->
    </test> <!-- Broken Links Verification -->
  </suite> <!-- Form Validations -->
</testng-results>
