<?xml version="1.0" encoding="UTF-8"?>
<!-- Generated by org.testng.reporters.JUnitXMLReporter -->
<testsuite hostname="DESKTOP-J3B0T30" name="Main Wiki Wash Test" tests="3" failures="0" timestamp="16 May 2017 11:56:29 GMT" time="0.056" errors="0">
  <testcase name="@BeforeTest checkRunMode" time="0.0" classname="testcases.WashURL">
    <skipped/>
  </testcase> <!-- @BeforeTest checkRunMode -->
  <testcase name="testWashURLEditCount" time="0.001" classname="testcases.WashURL">
    <skipped/>
  </testcase> <!-- testWashURLEditCount -->
  <testcase name="testWashURLEditCount" time="0.0" classname="testcases.WashURL">
    <skipped/>
  </testcase> <!-- testWashURLEditCount -->
  <testcase name="testWashURLEditCount" time="0.0" classname="testcases.WashURL">
    <skipped/>
  </testcase> <!-- testWashURLEditCount -->
</testsuite> <!-- Main Wiki Wash Test -->
